mode: set
github.com/Quasar777/courier-service/internal/handler/mocks/mock.go:27.73,31.2 3 0
github.com/Quasar777/courier-service/internal/handler/mocks/mock.go:34.71,36.2 1 0
github.com/Quasar777/courier-service/internal/handler/mocks/mock.go:39.110,45.2 5 0
github.com/Quasar777/courier-service/internal/handler/mocks/mock.go:48.92,51.2 2 0
github.com/Quasar777/courier-service/internal/handler/mocks/mock.go:54.79,59.2 4 0
github.com/Quasar777/courier-service/internal/handler/mocks/mock.go:62.91,65.2 2 0
github.com/Quasar777/courier-service/internal/handler/mocks/mock.go:68.94,74.2 5 0
github.com/Quasar777/courier-service/internal/handler/mocks/mock.go:77.88,80.2 2 0
github.com/Quasar777/courier-service/internal/handler/mocks/mock.go:83.88,89.2 5 0
github.com/Quasar777/courier-service/internal/handler/mocks/mock.go:92.85,95.2 2 0
github.com/Quasar777/courier-service/internal/handler/mocks/mock.go:98.103,103.2 4 0
github.com/Quasar777/courier-service/internal/handler/mocks/mock.go:106.92,109.2 2 0
github.com/Quasar777/courier-service/internal/handler/mocks/mock.go:123.75,127.2 3 0
github.com/Quasar777/courier-service/internal/handler/mocks/mock.go:130.73,132.2 1 0
github.com/Quasar777/courier-service/internal/handler/mocks/mock.go:135.140,141.2 5 0
github.com/Quasar777/courier-service/internal/handler/mocks/mock.go:144.93,147.2 2 0
github.com/Quasar777/courier-service/internal/handler/mocks/mock.go:150.146,156.2 5 0
github.com/Quasar777/courier-service/internal/handler/mocks/mock.go:159.95,162.2 2 0
github.com/Quasar777/courier-service/internal/usecase/mocks/mocks.go:28.79,32.2 3 0
github.com/Quasar777/courier-service/internal/usecase/mocks/mocks.go:35.77,37.2 1 0
github.com/Quasar777/courier-service/internal/usecase/mocks/mocks.go:40.111,46.2 5 0
github.com/Quasar777/courier-service/internal/usecase/mocks/mocks.go:49.92,52.2 2 0
github.com/Quasar777/courier-service/internal/usecase/mocks/mocks.go:55.75,60.2 4 0
github.com/Quasar777/courier-service/internal/usecase/mocks/mocks.go:63.87,66.2 2 0
github.com/Quasar777/courier-service/internal/usecase/mocks/mocks.go:69.86,75.2 5 0
github.com/Quasar777/courier-service/internal/usecase/mocks/mocks.go:78.83,81.2 2 0
github.com/Quasar777/courier-service/internal/usecase/mocks/mocks.go:84.97,90.2 5 0
github.com/Quasar777/courier-service/internal/usecase/mocks/mocks.go:93.91,96.2 2 0
github.com/Quasar777/courier-service/internal/usecase/mocks/mocks.go:99.104,104.2 4 0
github.com/Quasar777/courier-service/internal/usecase/mocks/mocks.go:107.92,110.2 2 0
github.com/Quasar777/courier-service/internal/usecase/mocks/mocks.go:124.81,128.2 3 0
github.com/Quasar777/courier-service/internal/usecase/mocks/mocks.go:131.79,133.2 1 0
github.com/Quasar777/courier-service/internal/usecase/mocks/mocks.go:136.155,142.2 5 0
github.com/Quasar777/courier-service/internal/usecase/mocks/mocks.go:145.131,148.2 2 0
github.com/Quasar777/courier-service/internal/usecase/mocks/mocks.go:151.97,157.2 5 0
github.com/Quasar777/courier-service/internal/usecase/mocks/mocks.go:160.106,163.2 2 0
github.com/Quasar777/courier-service/internal/usecase/mocks/mocks.go:166.77,171.2 4 0
github.com/Quasar777/courier-service/internal/usecase/mocks/mocks.go:174.93,177.2 2 0
github.com/Quasar777/courier-service/internal/usecase/mocks/mocks.go:180.115,186.2 5 0
github.com/Quasar777/courier-service/internal/usecase/mocks/mocks.go:189.105,192.2 2 0
github.com/Quasar777/courier-service/internal/usecase/mocks/mocks.go:206.77,210.2 3 0
github.com/Quasar777/courier-service/internal/usecase/mocks/mocks.go:213.75,215.2 1 0
github.com/Quasar777/courier-service/internal/usecase/mocks/mocks.go:218.88,223.2 4 0
github.com/Quasar777/courier-service/internal/usecase/mocks/mocks.go:226.99,229.2 2 0
github.com/Quasar777/courier-service/cmd/main.go:28.13,30.16 2 0
github.com/Quasar777/courier-service/cmd/main.go:30.16,32.3 1 0
github.com/Quasar777/courier-service/cmd/main.go:34.2,37.23 4 0
github.com/Quasar777/courier-service/cmd/main.go:37.23,39.3 1 0
github.com/Quasar777/courier-service/cmd/main.go:41.2,42.19 2 0
github.com/Quasar777/courier-service/cmd/main.go:42.19,44.6 1 0
github.com/Quasar777/courier-service/cmd/main.go:45.5,64.12 12 0
github.com/Quasar777/courier-service/cmd/main.go:64.12,66.77 2 0
github.com/Quasar777/courier-service/cmd/main.go:66.77,68.4 1 0
github.com/Quasar777/courier-service/cmd/main.go:72.2,72.12 1 0
github.com/Quasar777/courier-service/cmd/main.go:72.12,74.17 2 0
github.com/Quasar777/courier-service/cmd/main.go:74.17,76.4 1 0
github.com/Quasar777/courier-service/cmd/main.go:78.3,80.52 2 0
github.com/Quasar777/courier-service/cmd/main.go:83.2,89.49 5 0
github.com/Quasar777/courier-service/cmd/main.go:89.49,91.3 1 0
github.com/Quasar777/courier-service/cmd/main.go:91.8,93.3 1 0
github.com/Quasar777/courier-service/cmd/main.go:96.100,109.2 9 0
github.com/Quasar777/courier-service/cmd/main.go:111.63,113.16 2 0
github.com/Quasar777/courier-service/cmd/main.go:113.16,115.3 1 0
github.com/Quasar777/courier-service/cmd/main.go:116.2,121.16 5 0
github.com/Quasar777/courier-service/cmd/main.go:121.16,123.3 1 0
github.com/Quasar777/courier-service/cmd/main.go:125.2,128.35 3 0
github.com/Quasar777/courier-service/cmd/main.go:128.35,132.21 4 0
github.com/Quasar777/courier-service/cmd/main.go:132.21,133.9 1 0
github.com/Quasar777/courier-service/cmd/main.go:135.3,136.28 2 0
github.com/Quasar777/courier-service/cmd/main.go:136.28,138.4 1 0
github.com/Quasar777/courier-service/cmd/main.go:141.2,141.20 1 0
github.com/Quasar777/courier-service/cmd/main.go:141.20,143.3 1 0
github.com/Quasar777/courier-service/cmd/main.go:145.2,146.18 2 0
github.com/Quasar777/courier-service/cmd/main.go:149.35,151.16 2 0
github.com/Quasar777/courier-service/cmd/main.go:151.16,153.3 1 0
github.com/Quasar777/courier-service/cmd/main.go:155.2,156.22 2 0
github.com/Quasar777/courier-service/cmd/main.go:156.22,158.3 1 0
github.com/Quasar777/courier-service/cmd/main.go:160.2,160.19 1 0
github.com/Quasar777/courier-service/cmd/main.go:163.37,164.34 1 0
github.com/Quasar777/courier-service/cmd/main.go:164.34,166.3 1 0
github.com/Quasar777/courier-service/cmd/main.go:167.2,167.12 1 0
github.com/Quasar777/courier-service/internal/handler/courier.go:20.64,22.2 1 1
github.com/Quasar777/courier-service/internal/handler/courier.go:24.73,27.16 3 1
github.com/Quasar777/courier-service/internal/handler/courier.go:27.16,30.3 2 1
github.com/Quasar777/courier-service/internal/handler/courier.go:32.2,35.16 3 1
github.com/Quasar777/courier-service/internal/handler/courier.go:35.16,36.14 1 1
github.com/Quasar777/courier-service/internal/handler/courier.go:37.33,38.72 1 1
github.com/Quasar777/courier-service/internal/handler/courier.go:39.11,40.80 1 1
github.com/Quasar777/courier-service/internal/handler/courier.go:42.3,42.9 1 1
github.com/Quasar777/courier-service/internal/handler/courier.go:45.2,45.40 1 1
github.com/Quasar777/courier-service/internal/handler/courier.go:49.77,51.16 2 1
github.com/Quasar777/courier-service/internal/handler/courier.go:51.16,54.3 2 1
github.com/Quasar777/courier-service/internal/handler/courier.go:56.2,56.41 1 1
github.com/Quasar777/courier-service/internal/handler/courier.go:59.76,61.68 2 1
github.com/Quasar777/courier-service/internal/handler/courier.go:61.68,64.3 2 1
github.com/Quasar777/courier-service/internal/handler/courier.go:66.2,67.16 2 1
github.com/Quasar777/courier-service/internal/handler/courier.go:67.16,68.14 1 1
github.com/Quasar777/courier-service/internal/handler/courier.go:69.39,70.80 1 0
github.com/Quasar777/courier-service/internal/handler/courier.go:71.31,72.96 1 0
github.com/Quasar777/courier-service/internal/handler/courier.go:73.11,74.80 1 1
github.com/Quasar777/courier-service/internal/handler/courier.go:76.3,76.9 1 1
github.com/Quasar777/courier-service/internal/handler/courier.go:79.2,84.46 2 1
github.com/Quasar777/courier-service/internal/handler/courier.go:87.76,89.68 2 1
github.com/Quasar777/courier-service/internal/handler/courier.go:89.68,92.3 2 1
github.com/Quasar777/courier-service/internal/handler/courier.go:93.2,93.24 1 1
github.com/Quasar777/courier-service/internal/handler/courier.go:93.24,96.3 2 1
github.com/Quasar777/courier-service/internal/handler/courier.go:98.2,100.16 2 1
github.com/Quasar777/courier-service/internal/handler/courier.go:100.16,101.14 1 1
github.com/Quasar777/courier-service/internal/handler/courier.go:102.33,103.72 1 1
github.com/Quasar777/courier-service/internal/handler/courier.go:104.39,105.80 1 1
github.com/Quasar777/courier-service/internal/handler/courier.go:106.31,107.96 1 1
github.com/Quasar777/courier-service/internal/handler/courier.go:108.11,109.80 1 1
github.com/Quasar777/courier-service/internal/handler/courier.go:111.3,111.9 1 1
github.com/Quasar777/courier-service/internal/handler/courier.go:114.2,118.41 2 1
github.com/Quasar777/courier-service/internal/handler/courier.go:121.76,124.16 3 1
github.com/Quasar777/courier-service/internal/handler/courier.go:124.16,127.3 2 1
github.com/Quasar777/courier-service/internal/handler/courier.go:129.2,130.16 2 1
github.com/Quasar777/courier-service/internal/handler/courier.go:130.16,131.49 1 1
github.com/Quasar777/courier-service/internal/handler/courier.go:131.49,134.4 2 1
github.com/Quasar777/courier-service/internal/handler/courier.go:135.3,136.9 2 1
github.com/Quasar777/courier-service/internal/handler/courier.go:139.2,143.41 2 1
github.com/Quasar777/courier-service/internal/handler/courier.go:146.92,149.56 3 1
github.com/Quasar777/courier-service/internal/handler/courier.go:149.56,151.3 1 0
github.com/Quasar777/courier-service/internal/handler/delivery.go:14.67,16.2 1 1
github.com/Quasar777/courier-service/internal/handler/delivery.go:18.77,20.61 2 1
github.com/Quasar777/courier-service/internal/handler/delivery.go:20.61,23.3 2 1
github.com/Quasar777/courier-service/internal/handler/delivery.go:25.2,25.23 1 1
github.com/Quasar777/courier-service/internal/handler/delivery.go:25.23,28.3 2 1
github.com/Quasar777/courier-service/internal/handler/delivery.go:30.2,31.16 2 1
github.com/Quasar777/courier-service/internal/handler/delivery.go:31.16,32.14 1 1
github.com/Quasar777/courier-service/internal/handler/delivery.go:33.37,34.76 1 1
github.com/Quasar777/courier-service/internal/handler/delivery.go:35.11,36.80 1 1
github.com/Quasar777/courier-service/internal/handler/delivery.go:38.3,38.9 1 1
github.com/Quasar777/courier-service/internal/handler/delivery.go:41.2,41.41 1 1
github.com/Quasar777/courier-service/internal/handler/delivery.go:44.79,46.61 2 1
github.com/Quasar777/courier-service/internal/handler/delivery.go:46.61,49.3 2 1
github.com/Quasar777/courier-service/internal/handler/delivery.go:51.2,51.23 1 1
github.com/Quasar777/courier-service/internal/handler/delivery.go:51.23,54.3 2 1
github.com/Quasar777/courier-service/internal/handler/delivery.go:56.2,57.16 2 1
github.com/Quasar777/courier-service/internal/handler/delivery.go:57.16,58.14 1 1
github.com/Quasar777/courier-service/internal/handler/delivery.go:59.33,60.73 1 1
github.com/Quasar777/courier-service/internal/handler/delivery.go:61.11,62.80 1 1
github.com/Quasar777/courier-service/internal/handler/delivery.go:64.3,64.9 1 1
github.com/Quasar777/courier-service/internal/handler/delivery.go:67.2,67.41 1 1
github.com/Quasar777/courier-service/internal/handler/delivery.go:72.93,75.56 3 1
github.com/Quasar777/courier-service/internal/handler/delivery.go:75.56,77.3 1 0
github.com/Quasar777/courier-service/internal/repository/courier.go:18.66,20.2 1 1
github.com/Quasar777/courier-service/internal/repository/courier.go:22.93,37.16 3 1
github.com/Quasar777/courier-service/internal/repository/courier.go:37.16,38.36 1 1
github.com/Quasar777/courier-service/internal/repository/courier.go:38.36,40.4 1 1
github.com/Quasar777/courier-service/internal/repository/courier.go:41.3,41.52 1 0
github.com/Quasar777/courier-service/internal/repository/courier.go:44.2,44.22 1 1
github.com/Quasar777/courier-service/internal/repository/courier.go:47.82,53.16 2 1
github.com/Quasar777/courier-service/internal/repository/courier.go:53.16,55.3 1 0
github.com/Quasar777/courier-service/internal/repository/courier.go:56.2,59.18 3 1
github.com/Quasar777/courier-service/internal/repository/courier.go:59.18,69.17 3 1
github.com/Quasar777/courier-service/internal/repository/courier.go:69.17,71.4 1 0
github.com/Quasar777/courier-service/internal/repository/courier.go:72.3,72.39 1 1
github.com/Quasar777/courier-service/internal/repository/courier.go:75.2,75.34 1 1
github.com/Quasar777/courier-service/internal/repository/courier.go:75.34,77.3 1 0
github.com/Quasar777/courier-service/internal/repository/courier.go:79.2,79.21 1 1
github.com/Quasar777/courier-service/internal/repository/courier.go:79.21,81.3 1 1
github.com/Quasar777/courier-service/internal/repository/courier.go:83.2,83.22 1 1
github.com/Quasar777/courier-service/internal/repository/courier.go:86.107,94.16 3 1
github.com/Quasar777/courier-service/internal/repository/courier.go:94.16,96.59 2 1
github.com/Quasar777/courier-service/internal/repository/courier.go:96.59,98.4 1 1
github.com/Quasar777/courier-service/internal/repository/courier.go:99.3,99.50 1 0
github.com/Quasar777/courier-service/internal/repository/courier.go:102.2,102.16 1 1
github.com/Quasar777/courier-service/internal/repository/courier.go:105.100,117.16 2 1
github.com/Quasar777/courier-service/internal/repository/courier.go:117.16,118.59 1 1
github.com/Quasar777/courier-service/internal/repository/courier.go:118.59,120.4 1 1
github.com/Quasar777/courier-service/internal/repository/courier.go:121.3,121.47 1 0
github.com/Quasar777/courier-service/internal/repository/courier.go:124.2,124.32 1 1
github.com/Quasar777/courier-service/internal/repository/courier.go:124.32,126.3 1 1
github.com/Quasar777/courier-service/internal/repository/courier.go:128.2,134.16 2 1
github.com/Quasar777/courier-service/internal/repository/courier.go:134.16,136.3 1 0
github.com/Quasar777/courier-service/internal/repository/courier.go:138.2,138.12 1 1
github.com/Quasar777/courier-service/internal/repository/courier.go:141.71,147.16 2 1
github.com/Quasar777/courier-service/internal/repository/courier.go:147.16,149.3 1 0
github.com/Quasar777/courier-service/internal/repository/courier.go:151.2,151.32 1 1
github.com/Quasar777/courier-service/internal/repository/courier.go:151.32,153.3 1 1
github.com/Quasar777/courier-service/internal/repository/courier.go:155.2,155.12 1 1
github.com/Quasar777/courier-service/internal/repository/delivery.go:18.68,20.2 1 1
github.com/Quasar777/courier-service/internal/repository/delivery.go:22.151,24.16 2 1
github.com/Quasar777/courier-service/internal/repository/delivery.go:24.16,26.3 1 0
github.com/Quasar777/courier-service/internal/repository/delivery.go:27.2,35.16 3 1
github.com/Quasar777/courier-service/internal/repository/delivery.go:35.16,37.3 1 0
github.com/Quasar777/courier-service/internal/repository/delivery.go:39.2,39.29 1 1
github.com/Quasar777/courier-service/internal/repository/delivery.go:39.29,41.3 1 1
github.com/Quasar777/courier-service/internal/repository/delivery.go:43.5,55.19 3 1
github.com/Quasar777/courier-service/internal/repository/delivery.go:55.19,57.6 1 0
github.com/Quasar777/courier-service/internal/repository/delivery.go:59.5,59.42 1 1
github.com/Quasar777/courier-service/internal/repository/delivery.go:59.42,61.6 1 0
github.com/Quasar777/courier-service/internal/repository/delivery.go:63.5,63.18 1 1
github.com/Quasar777/courier-service/internal/repository/delivery.go:67.111,69.16 2 1
github.com/Quasar777/courier-service/internal/repository/delivery.go:69.16,71.3 1 0
github.com/Quasar777/courier-service/internal/repository/delivery.go:72.2,84.16 4 1
github.com/Quasar777/courier-service/internal/repository/delivery.go:84.16,85.36 1 1
github.com/Quasar777/courier-service/internal/repository/delivery.go:85.36,87.4 1 1
github.com/Quasar777/courier-service/internal/repository/delivery.go:88.3,88.52 1 0
github.com/Quasar777/courier-service/internal/repository/delivery.go:91.2,97.16 2 1
github.com/Quasar777/courier-service/internal/repository/delivery.go:97.16,99.3 1 0
github.com/Quasar777/courier-service/internal/repository/delivery.go:101.2,106.16 2 1
github.com/Quasar777/courier-service/internal/repository/delivery.go:106.16,108.3 1 0
github.com/Quasar777/courier-service/internal/repository/delivery.go:110.2,110.39 1 1
github.com/Quasar777/courier-service/internal/repository/delivery.go:110.39,112.6 1 0
github.com/Quasar777/courier-service/internal/repository/delivery.go:114.2,114.15 1 1
github.com/Quasar777/courier-service/internal/repository/delivery.go:117.73,128.16 2 1
github.com/Quasar777/courier-service/internal/repository/delivery.go:128.16,130.3 1 0
github.com/Quasar777/courier-service/internal/repository/delivery.go:132.2,132.12 1 1
github.com/Quasar777/courier-service/internal/repository/delivery.go:135.93,148.16 3 1
github.com/Quasar777/courier-service/internal/repository/delivery.go:148.16,149.36 1 1
github.com/Quasar777/courier-service/internal/repository/delivery.go:149.36,151.4 1 1
github.com/Quasar777/courier-service/internal/repository/delivery.go:152.3,152.50 1 0
github.com/Quasar777/courier-service/internal/repository/delivery.go:155.2,155.16 1 1
github.com/Quasar777/courier-service/internal/usecase/courier.go:15.61,17.2 1 1
github.com/Quasar777/courier-service/internal/usecase/courier.go:19.90,20.13 1 1
github.com/Quasar777/courier-service/internal/usecase/courier.go:20.13,22.3 1 1
github.com/Quasar777/courier-service/internal/usecase/courier.go:24.2,24.41 1 1
github.com/Quasar777/courier-service/internal/usecase/courier.go:27.84,29.2 1 0
github.com/Quasar777/courier-service/internal/usecase/courier.go:31.106,32.61 1 1
github.com/Quasar777/courier-service/internal/usecase/courier.go:32.61,34.6 1 1
github.com/Quasar777/courier-service/internal/usecase/courier.go:36.2,36.22 1 1
github.com/Quasar777/courier-service/internal/usecase/courier.go:36.22,38.3 1 1
github.com/Quasar777/courier-service/internal/usecase/courier.go:40.2,40.29 1 1
github.com/Quasar777/courier-service/internal/usecase/courier.go:40.29,42.3 1 1
github.com/Quasar777/courier-service/internal/usecase/courier.go:44.2,44.39 1 1
github.com/Quasar777/courier-service/internal/usecase/courier.go:47.99,48.108 1 1
github.com/Quasar777/courier-service/internal/usecase/courier.go:48.108,50.6 1 1
github.com/Quasar777/courier-service/internal/usecase/courier.go:52.2,53.16 2 1
github.com/Quasar777/courier-service/internal/usecase/courier.go:53.16,55.3 1 1
github.com/Quasar777/courier-service/internal/usecase/courier.go:57.2,57.20 1 1
github.com/Quasar777/courier-service/internal/usecase/courier.go:57.20,59.3 1 0
github.com/Quasar777/courier-service/internal/usecase/courier.go:60.2,60.24 1 1
github.com/Quasar777/courier-service/internal/usecase/courier.go:60.24,62.3 1 1
github.com/Quasar777/courier-service/internal/usecase/courier.go:63.2,63.21 1 1
github.com/Quasar777/courier-service/internal/usecase/courier.go:63.21,65.3 1 1
github.com/Quasar777/courier-service/internal/usecase/courier.go:66.2,66.22 1 1
github.com/Quasar777/courier-service/internal/usecase/courier.go:66.22,68.3 1 1
github.com/Quasar777/courier-service/internal/usecase/courier.go:69.2,69.29 1 1
github.com/Quasar777/courier-service/internal/usecase/courier.go:69.29,71.3 1 1
github.com/Quasar777/courier-service/internal/usecase/courier.go:73.2,73.39 1 1
github.com/Quasar777/courier-service/internal/usecase/courier.go:76.75,78.2 1 1
github.com/Quasar777/courier-service/internal/usecase/deadlineFactory.go:7.44,9.2 1 0
github.com/Quasar777/courier-service/internal/usecase/deadlineFactory.go:11.83,12.26 1 0
github.com/Quasar777/courier-service/internal/usecase/deadlineFactory.go:13.20,14.41 1 0
github.com/Quasar777/courier-service/internal/usecase/deadlineFactory.go:15.20,16.41 1 0
github.com/Quasar777/courier-service/internal/usecase/deadlineFactory.go:17.16,18.40 1 0
github.com/Quasar777/courier-service/internal/usecase/deadlineFactory.go:19.13,20.41 1 0
github.com/Quasar777/courier-service/internal/usecase/delivery.go:17.140,23.2 1 1
github.com/Quasar777/courier-service/internal/usecase/delivery.go:25.136,29.16 3 1
github.com/Quasar777/courier-service/internal/usecase/delivery.go:29.16,31.3 1 1
github.com/Quasar777/courier-service/internal/usecase/delivery.go:33.2,37.16 4 1
github.com/Quasar777/courier-service/internal/usecase/delivery.go:37.16,39.3 1 1
github.com/Quasar777/courier-service/internal/usecase/delivery.go:41.2,45.16 4 1
github.com/Quasar777/courier-service/internal/usecase/delivery.go:45.16,47.3 1 1
github.com/Quasar777/courier-service/internal/usecase/delivery.go:49.2,49.21 1 1
github.com/Quasar777/courier-service/internal/usecase/delivery.go:52.142,58.16 3 1
github.com/Quasar777/courier-service/internal/usecase/delivery.go:58.16,61.3 2 1
github.com/Quasar777/courier-service/internal/usecase/delivery.go:63.2,66.21 3 1
github.com/Quasar777/courier-service/internal/usecase/delivery.go:69.91,73.6 3 1
github.com/Quasar777/courier-service/internal/usecase/delivery.go:73.6,74.10 1 1
github.com/Quasar777/courier-service/internal/usecase/delivery.go:75.21,77.10 2 1
github.com/Quasar777/courier-service/internal/usecase/delivery.go:78.19,80.18 2 1
github.com/Quasar777/courier-service/internal/usecase/delivery.go:80.18,83.5 2 0
github.com/Quasar777/courier-service/internal/usecase/delivery.go:88.79,90.2 1 1
